<?xml version="1.0" encoding="UTF-8"?>
<!-- Generated by org.testng.reporters.JUnitReportReporter -->
<testsuite hostname="Admin-PC" name="com.qa.Twilio.Utility.AmazonOTPHandle" tests="1" failures="0" timestamp="12 Oct 2019 17:34:13 GMT" time="30.508" errors="0">
  <testcase name="otpHandle" time="30.508" classname="com.qa.Twilio.Utility.AmazonOTPHandle"/>
</testsuite> <!-- com.qa.Twilio.Utility.AmazonOTPHandle -->
